<?xml version="1.0" encoding="UTF-8"?>
<!-- Generated by org.testng.reporters.JUnitXMLReporter -->
<testsuite ignored="0" hostname="LAPTOP-N4B8EUM7" failures="0" tests="3" name="Surefire test" time="8.478" errors="0" timestamp="2026-07-07T22:53:25 IST">
  <testcase classname="basic.appTest" name="testInfo" time="0.002"/>
  <testcase classname="basic.appTest" name="testInfo" time="0.003"/>
  <testcase classname="basic.faceTest" name="facebooklaunch" time="1.708"/>
</testsuite> <!-- Surefire test -->
