<?xml version="1.0" encoding="UTF-8"?>
<!-- Generated by org.testng.reporters.JUnitXMLReporter -->
<testsuite ignored="0" hostname="LAPTOP-N4B8EUM7" failures="0" tests="3" name="Surefire test" time="18.244" errors="0" timestamp="2026-07-06T23:48:34 IST">
  <testcase classname="basic.appTest" name="testInfo" time="0.001"/>
  <testcase classname="basic.appTest" name="testInfo" time="0.002"/>
  <testcase classname="basic.faceTest" name="facebooklaunch" time="1.701"/>
</testsuite> <!-- Surefire test -->
