<?xml version="1.0" encoding="UTF-8"?>
<testng-results ignored="0" total="3" passed="3" failed="0" skipped="0">
  <reporter-output>
  </reporter-output>
  <suite started-at="2026-07-06T23:48:15 IST" name="Surefire suite" finished-at="2026-07-06T23:48:33 IST" duration-ms="18244">
    <groups>
    </groups>
    <test started-at="2026-07-06T23:48:15 IST" name="Surefire test" finished-at="2026-07-06T23:48:33 IST" duration-ms="18244">
      <class name="basic.faceTest">
        <test-method is-config="true" signature="setUp()[pri:0, instance:basic.faceTest@7e5e6573]" started-at="2026-07-06T23:48:25 IST" name="setUp" finished-at="2026-07-06T23:48:32 IST" duration-ms="6816" status="PASS">
          <reporter-output>
          </reporter-output>
        </test-method> <!-- setUp -->
        <test-method signature="facebooklaunch()[pri:0, instance:basic.faceTest@7e5e6573]" started-at="2026-07-06T23:48:32 IST" name="facebooklaunch" finished-at="2026-07-06T23:48:33 IST" duration-ms="1701" status="PASS">
          <reporter-output>
          </reporter-output>
        </test-method> <!-- facebooklaunch -->
        <test-method is-config="true" signature="tearDown()[pri:0, instance:basic.faceTest@7e5e6573]" started-at="2026-07-06T23:48:33 IST" name="tearDown" finished-at="2026-07-06T23:48:33 IST" duration-ms="277" status="PASS">
          <reporter-output>
          </reporter-output>
        </test-method> <!-- tearDown -->
      </class> <!-- basic.faceTest -->
      <class name="basic.appTest">
        <test-method is-config="true" signature="setUp()[pri:0, instance:basic.appTest@592a1882]" started-at="2026-07-06T23:48:15 IST" name="setUp" finished-at="2026-07-06T23:48:24 IST" duration-ms="8989" status="PASS">
          <reporter-output>
          </reporter-output>
        </test-method> <!-- setUp -->
        <test-method signature="testInfo(java.lang.String,java.lang.String,java.lang.String)[pri:0, instance:basic.appTest@592a1882]" started-at="2026-07-06T23:48:24 IST" name="testInfo" data-provider="testjson" finished-at="2026-07-06T23:48:24 IST" duration-ms="1" status="PASS">
          <params>
            <param index="0">
              <value>
                <![CDATA[Sunilkumar]]>
              </value>
            </param>
            <param index="1">
              <value>
                <![CDATA[Salunke]]>
              </value>
            </param>
            <param index="2">
              <value>
                <![CDATA[1]]>
              </value>
            </param>
          </params>
          <reporter-output>
          </reporter-output>
        </test-method> <!-- testInfo -->
        <test-method signature="testInfo(java.lang.String,java.lang.String,java.lang.String)[pri:0, instance:basic.appTest@592a1882]" started-at="2026-07-06T23:48:24 IST" name="testInfo" data-provider="testjson" finished-at="2026-07-06T23:48:24 IST" duration-ms="2" status="PASS">
          <params>
            <param index="0">
              <value>
                <![CDATA[Yadhavi]]>
              </value>
            </param>
            <param index="1">
              <value>
                <![CDATA[Salunke]]>
              </value>
            </param>
            <param index="2">
              <value>
                <![CDATA[2]]>
              </value>
            </param>
          </params>
          <reporter-output>
          </reporter-output>
        </test-method> <!-- testInfo -->
        <test-method is-config="true" signature="tearDown()[pri:0, instance:basic.appTest@592a1882]" started-at="2026-07-06T23:48:24 IST" name="tearDown" finished-at="2026-07-06T23:48:25 IST" duration-ms="255" status="PASS">
          <reporter-output>
          </reporter-output>
        </test-method> <!-- tearDown -->
      </class> <!-- basic.appTest -->
    </test> <!-- Surefire test -->
  </suite> <!-- Surefire suite -->
</testng-results>
