<?xml version="1.0" encoding="UTF-8"?>
<testng-results ignored="0" total="3" passed="3" failed="0" skipped="0">
  <reporter-output>
  </reporter-output>
  <suite started-at="2026-07-07T00:03:32 IST" name="Surefire suite" finished-at="2026-07-07T00:03:40 IST" duration-ms="8535">
    <groups>
    </groups>
    <test started-at="2026-07-07T00:03:32 IST" name="Surefire test" finished-at="2026-07-07T00:03:40 IST" duration-ms="8535">
      <class name="basic.faceTest">
        <test-method is-config="true" signature="setUp()[pri:0, instance:basic.faceTest@7645e64]" started-at="2026-07-07T00:03:36 IST" name="setUp" finished-at="2026-07-07T00:03:38 IST" duration-ms="2067" status="PASS">
          <reporter-output>
          </reporter-output>
        </test-method> <!-- setUp -->
        <test-method signature="facebooklaunch()[pri:0, instance:basic.faceTest@7645e64]" started-at="2026-07-07T00:03:38 IST" name="facebooklaunch" finished-at="2026-07-07T00:03:40 IST" duration-ms="1851" status="PASS">
          <reporter-output>
          </reporter-output>
        </test-method> <!-- facebooklaunch -->
        <test-method is-config="true" signature="tearDown()[pri:0, instance:basic.faceTest@7645e64]" started-at="2026-07-07T00:03:40 IST" name="tearDown" finished-at="2026-07-07T00:03:40 IST" duration-ms="267" status="PASS">
          <reporter-output>
          </reporter-output>
        </test-method> <!-- tearDown -->
      </class> <!-- basic.faceTest -->
      <class name="basic.appTest">
        <test-method is-config="true" signature="setUp()[pri:0, instance:basic.appTest@350d26f3]" started-at="2026-07-07T00:03:32 IST" name="setUp" finished-at="2026-07-07T00:03:35 IST" duration-ms="3305" status="PASS">
          <reporter-output>
          </reporter-output>
        </test-method> <!-- setUp -->
        <test-method signature="testInfo(java.lang.String,java.lang.String,java.lang.String)[pri:0, instance:basic.appTest@350d26f3]" started-at="2026-07-07T00:03:35 IST" name="testInfo" data-provider="testjson" finished-at="2026-07-07T00:03:35 IST" duration-ms="6" status="PASS">
          <params>
            <param index="0">
              <value>
                <![CDATA[Sunilkumar]]>
              </value>
            </param>
            <param index="1">
              <value>
                <![CDATA[Salunke]]>
              </value>
            </param>
            <param index="2">
              <value>
                <![CDATA[1]]>
              </value>
            </param>
          </params>
          <reporter-output>
          </reporter-output>
        </test-method> <!-- testInfo -->
        <test-method signature="testInfo(java.lang.String,java.lang.String,java.lang.String)[pri:0, instance:basic.appTest@350d26f3]" started-at="2026-07-07T00:03:35 IST" name="testInfo" data-provider="testjson" finished-at="2026-07-07T00:03:35 IST" duration-ms="5" status="PASS">
          <params>
            <param index="0">
              <value>
                <![CDATA[Yadhavi]]>
              </value>
            </param>
            <param index="1">
              <value>
                <![CDATA[Salunke]]>
              </value>
            </param>
            <param index="2">
              <value>
                <![CDATA[2]]>
              </value>
            </param>
          </params>
          <reporter-output>
          </reporter-output>
        </test-method> <!-- testInfo -->
        <test-method is-config="true" signature="tearDown()[pri:0, instance:basic.appTest@350d26f3]" started-at="2026-07-07T00:03:35 IST" name="tearDown" finished-at="2026-07-07T00:03:36 IST" duration-ms="616" status="PASS">
          <reporter-output>
          </reporter-output>
        </test-method> <!-- tearDown -->
      </class> <!-- basic.appTest -->
    </test> <!-- Surefire test -->
  </suite> <!-- Surefire suite -->
</testng-results>
