<?xml version="1.0" encoding="UTF-8"?>
<!-- Generated by org.testng.reporters.JUnitReportReporter -->
<testsuite hostname="LAPTOP-N4B8EUM7" failures="0" tests="2" name="selenium.practice.AppTest" time="0.007" errors="0" timestamp="2026-03-07T09:49:06 IST" skipped="0">
  <testcase classname="selenium.practice.AppTest" name="testInfo" time="0.005"/>
  <system-out/>
  <testcase classname="selenium.practice.AppTest" name="testInfo" time="0.002"/>
  <system-out/>
</testsuite> <!-- selenium.practice.AppTest -->
