<?xml version="1.0" encoding="UTF-8"?>
<!-- Generated by org.testng.reporters.JUnitReportReporter -->
<testsuite hostname="LAPTOP-N4B8EUM7" failures="0" tests="2" name="selenium.practice.BaseTest" time="7.188" errors="0" timestamp="2026-04-16T23:15:12 IST" skipped="0">
  <testcase classname="selenium.practice.BaseTest" name="luanchApp" time="3.217"/>
  <system-out/>
  <testcase classname="selenium.practice.BaseTest" name="luanchApp" time="3.971"/>
  <system-out/>
</testsuite> <!-- selenium.practice.BaseTest -->
